2025-10-02 15:49:15 - bot_logger - INFO - Новый пользователь: 1712396207. Всего пользователей: 1
2025-10-02 15:49:15 - bot_logger - INFO - Новый пользователь: 1712396207. Всего пользователей: 1
2025-10-02 15:49:15 - bot_logger - INFO - Новый пользователь: 1712396207. Всего пользователей: 1
2025-10-02 15:49:15 - bot_logger - INFO - Обычный пользователь начал работу: 1712396207
2025-10-02 15:49:15 - bot_logger - INFO - Обычный пользователь начал работу: 1712396207
2025-10-02 15:49:15 - bot_logger - INFO - Обычный пользователь начал работу: 1712396207
2025-10-02 15:49:20 - bot_logger - INFO - Новый пользователь: 1712396207. Всего пользователей: 1
2025-10-02 15:49:20 - bot_logger - INFO - Новый пользователь: 1712396207. Всего пользователей: 1
2025-10-02 15:49:20 - bot_logger - INFO - Новый пользователь: 1712396207. Всего пользователей: 1
2025-10-02 15:49:20 - bot_logger - INFO - Обычный пользователь начал работу: 1712396207
2025-10-02 15:49:20 - bot_logger - INFO - Обычный пользователь начал работу: 1712396207
2025-10-02 15:49:20 - bot_logger - INFO - Обычный пользователь начал работу: 1712396207
2025-10-02 15:50:04 - bot_logger - INFO - Новый пользователь: 1712396207. Всего пользователей: 1
2025-10-02 15:50:04 - bot_logger - INFO - Новый пользователь: 1712396207. Всего пользователей: 1
2025-10-02 15:50:04 - bot_logger - INFO - Новый пользователь: 1712396207. Всего пользователей: 1
2025-10-02 15:50:04 - bot_logger - INFO - Обычный пользователь начал работу: 1712396207
2025-10-02 15:50:04 - bot_logger - INFO - Обычный пользователь начал работу: 1712396207
2025-10-02 15:50:04 - bot_logger - INFO - Обычный пользователь начал работу: 1712396207
2025-10-02 15:51:52 - bot_logger - INFO - Новый пользователь: 1712396207. Всего пользователей: 1
2025-10-02 15:51:52 - bot_logger - INFO - Новый пользователь: 1712396207. Всего пользователей: 1
2025-10-02 15:51:52 - bot_logger - INFO - Новый пользователь: 1712396207. Всего пользователей: 1
2025-10-02 15:51:52 - bot_logger - INFO - Обычный пользователь начал работу: 1712396207
2025-10-02 15:51:52 - bot_logger - INFO - Обычный пользователь начал работу: 1712396207
2025-10-02 15:51:52 - bot_logger - INFO - Обычный пользователь начал работу: 1712396207
2025-10-02 15:52:19 - bot_logger - INFO - Новый пользователь: 1712396207. Всего пользователей: 1
2025-10-02 15:52:19 - bot_logger - INFO - Новый пользователь: 1712396207. Всего пользователей: 1
2025-10-02 15:52:19 - bot_logger - INFO - Новый пользователь: 1712396207. Всего пользователей: 1
2025-10-02 15:52:19 - bot_logger - INFO - Обычный пользователь начал работу: 1712396207
2025-10-02 15:52:19 - bot_logger - INFO - Обычный пользователь начал работу: 1712396207
2025-10-02 15:52:19 - bot_logger - INFO - Обычный пользователь начал работу: 1712396207
2025-10-02 15:53:14 - bot_logger - INFO - Новый пользователь: 1712396207. Всего пользователей: 1
2025-10-02 15:53:14 - bot_logger - INFO - Новый пользователь: 1712396207. Всего пользователей: 1
2025-10-02 15:53:14 - bot_logger - INFO - Обычный пользователь начал работу: 1712396207
2025-10-02 15:53:14 - bot_logger - INFO - Обычный пользователь начал работу: 1712396207
2025-10-02 15:54:27 - bot_logger - INFO - Новый пользователь: 1712396207. Всего пользователей: 1
2025-10-02 15:54:27 - bot_logger - INFO - Обычный пользователь начал работу: 1712396207
2025-10-02 16:22:50 - bot_logger - INFO - Новый пользователь: 1712396207. Всего пользователей: 1
2025-10-02 16:22:50 - bot_logger - INFO - Обычный пользователь начал работу: 1712396207
2025-10-05 09:09:40 - bot_logger - INFO - Новый пользователь: 1712396207. Всего пользователей: 1
2025-10-05 09:09:40 - bot_logger - INFO - Обычный пользователь начал работу: 1712396207
2025-10-05 15:29:42 - bot_logger - INFO - Запуск поллинга...
2025-10-05 15:29:42 - bot_logger - INFO - Бот запускается...
2025-10-05 15:29:42 - bot_logger - INFO - Бот останавливается...
2025-10-05 15:29:47 - bot_logger - INFO - Запуск поллинга...
2025-10-05 15:29:47 - bot_logger - INFO - Бот запускается...
2025-10-05 15:29:53 - bot_logger - INFO - Бот останавливается...
2025-10-05 15:29:58 - bot_logger - INFO - Запуск поллинга...
2025-10-05 15:29:58 - bot_logger - INFO - Бот запускается...
2025-10-05 15:30:00 - bot_logger - INFO - Бот останавливается...
2025-10-05 15:30:17 - bot_logger - INFO - Запуск поллинга...
2025-10-05 15:30:17 - bot_logger - INFO - Бот запускается...
2025-10-05 15:30:17 - bot_logger - INFO - Новый пользователь: 7950838601. Всего пользователей: 1
2025-10-05 15:30:17 - bot_logger - INFO - Обычный пользователь начал работу: 7950838601
2025-10-05 15:30:17 - bot_logger - INFO - Новый пользователь: 7950838601. Всего пользователей: 1
2025-10-05 15:30:17 - bot_logger - INFO - Обычный пользователь начал работу: 7950838601
2025-10-05 15:30:19 - bot_logger - INFO - Бот останавливается...
2025-10-05 15:30:24 - bot_logger - INFO - Запуск поллинга...
2025-10-05 15:30:24 - bot_logger - INFO - Бот запускается...
2025-10-05 15:31:31 - bot_logger - INFO - Новый пользователь: 7950838601. Всего пользователей: 1
2025-10-05 15:31:31 - bot_logger - INFO - Обычный пользователь начал работу: 7950838601
2025-10-05 15:32:43 - bot_logger - INFO - Бот останавливается...
2025-10-05 15:32:49 - bot_logger - INFO - Запуск поллинга...
2025-10-05 15:32:49 - bot_logger - INFO - Бот запускается...
2025-10-05 15:33:16 - bot_logger - INFO - Бот останавливается...
2025-10-05 15:33:21 - bot_logger - INFO - Запуск поллинга...
2025-10-05 15:33:21 - bot_logger - INFO - Бот запускается...
2025-10-05 15:33:40 - bot_logger - INFO - Бот останавливается...
2025-10-05 15:33:46 - bot_logger - INFO - Запуск поллинга...
2025-10-05 15:33:46 - bot_logger - INFO - Бот запускается...
2025-10-05 19:07:25 - bot_logger - INFO - Запуск поллинга...
2025-10-05 19:07:25 - bot_logger - INFO - Бот запускается...
2025-10-05 19:07:29 - bot_logger - INFO - Новый пользователь: 7950838601. Всего пользователей: 1
2025-10-05 19:07:29 - bot_logger - INFO - Обычный пользователь начал работу: 7950838601
2025-10-05 19:07:32 - bot_logger - INFO - Новый пользователь: 7950838601. Всего пользователей: 1
2025-10-05 19:07:32 - bot_logger - INFO - Обычный пользователь начал работу: 7950838601
2025-10-05 19:07:43 - bot_logger - INFO - Новый пользователь: 1924776185. Всего пользователей: 2
2025-10-05 19:07:43 - bot_logger - INFO - Обычный пользователь начал работу: 1924776185
2025-10-05 19:12:26 - bot_logger - INFO - Новый пользователь: 374644198. Всего пользователей: 3
2025-10-05 19:12:26 - bot_logger - INFO - Обычный пользователь начал работу: 374644198
2025-10-05 19:29:59 - bot_logger - INFO - Бот останавливается...
2025-10-05 20:05:42 - bot_logger - INFO - Запуск поллинга...
2025-10-05 20:05:42 - bot_logger - INFO - Бот запускается...
2025-10-05 20:23:25 - bot_logger - INFO - Новый пользователь: 1712396207. Всего пользователей: 1
2025-10-05 20:23:25 - bot_logger - INFO - Обычный пользователь начал работу: 1712396207
2025-10-06 08:12:51 - bot_logger - INFO - Запуск поллинга...
2025-10-06 08:12:51 - bot_logger - INFO - Бот запускается...
2025-10-06 08:50:12 - bot_logger - INFO - Новый пользователь: 1144196133. Всего пользователей: 1
2025-10-06 08:50:12 - bot_logger - INFO - Обычный пользователь начал работу: 1144196133
2025-10-06 08:50:34 - bot_logger - INFO - Новый пользователь: 1144196133. Всего пользователей: 1
2025-10-06 08:50:34 - bot_logger - INFO - Обычный пользователь начал работу: 1144196133
2025-10-06 15:39:41 - bot_logger - INFO - Бот останавливается...
2025-10-06 15:39:47 - bot_logger - INFO - Запуск поллинга...
2025-10-06 15:39:47 - bot_logger - INFO - Бот запускается...
2025-10-06 15:46:38 - bot_logger - INFO - Бот останавливается...
2025-10-06 15:46:53 - bot_logger - INFO - Запуск поллинга...
2025-10-06 15:46:53 - bot_logger - INFO - Бот запускается...
2025-10-06 15:46:53 - bot_logger - INFO - Новый пользователь: 7950838601. Всего пользователей: 1
2025-10-06 15:46:53 - bot_logger - INFO - Обычный пользователь начал работу: 7950838601
2025-10-06 15:48:46 - bot_logger - INFO - Бот останавливается...
2025-10-06 15:48:52 - bot_logger - INFO - Запуск поллинга...
2025-10-06 15:48:52 - bot_logger - INFO - Бот запускается...
2025-10-06 15:48:56 - bot_logger - INFO - Новый пользователь: 7950838601. Всего пользователей: 1
2025-10-06 15:48:56 - bot_logger - INFO - Обычный пользователь начал работу: 7950838601
2025-10-06 15:55:45 - bot_logger - INFO - Бот останавливается...
2025-10-06 16:04:32 - bot_logger - INFO - Запуск поллинга...
2025-10-06 16:04:32 - bot_logger - INFO - Бот запускается...
2025-10-06 16:04:33 - bot_logger - INFO - Новый пользователь: 7950838601. Всего пользователей: 1
2025-10-06 16:04:33 - bot_logger - INFO - Обычный пользователь начал работу: 7950838601
2025-10-06 16:04:33 - bot_logger - INFO - Новый пользователь: 7950838601. Всего пользователей: 1
2025-10-06 16:04:33 - bot_logger - INFO - Обычный пользователь начал работу: 7950838601
2025-10-06 16:04:33 - bot_logger - INFO - Новый пользователь: 7950838601. Всего пользователей: 1
2025-10-06 16:04:33 - bot_logger - INFO - Обычный пользователь начал работу: 7950838601
2025-10-06 16:07:48 - bot_logger - INFO - Новый пользователь: 374644198. Всего пользователей: 2
2025-10-06 16:07:48 - bot_logger - INFO - Обычный пользователь начал работу: 374644198
2025-10-06 16:24:33 - bot_logger - INFO - Новый пользователь: 7950838601. Всего пользователей: 2
2025-10-06 16:24:33 - bot_logger - INFO - Обычный пользователь начал работу: 7950838601
2025-10-06 16:25:40 - bot_logger - INFO - Запуск поллинга...
2025-10-06 16:25:40 - bot_logger - INFO - Бот запускается...
2025-10-06 16:25:43 - bot_logger - INFO - Новый пользователь: 7950838601. Всего пользователей: 1
2025-10-06 16:25:43 - bot_logger - INFO - Обычный пользователь начал работу: 7950838601
2025-10-06 16:26:40 - bot_logger - INFO - Новый пользователь: 7950838601. Всего пользователей: 1
2025-10-06 16:26:40 - bot_logger - INFO - Обычный пользователь начал работу: 7950838601
2025-10-06 16:42:27 - bot_logger - INFO - Новый пользователь: 7950838601. Всего пользователей: 1
2025-10-06 16:42:27 - bot_logger - INFO - Обычный пользователь начал работу: 7950838601
2025-10-06 16:46:26 - bot_logger - INFO - Новый пользователь: 7950838601. Всего пользователей: 1
2025-10-06 16:46:26 - bot_logger - INFO - Обычный пользователь начал работу: 7950838601
2025-10-06 17:07:31 - bot_logger - INFO - Бот останавливается...
2025-10-06 17:17:30 - bot_logger - INFO - Запуск поллинга...
2025-10-06 17:17:30 - bot_logger - INFO - Бот запускается...
2025-10-06 17:18:09 - bot_logger - INFO - Бот останавливается...
2025-10-06 17:18:15 - bot_logger - INFO - Запуск поллинга...
2025-10-06 17:18:15 - bot_logger - INFO - Бот запускается...
2025-10-06 17:18:31 - bot_logger - INFO - Новый пользователь: 7950838601. Всего пользователей: 1
2025-10-06 17:18:31 - bot_logger - INFO - Обычный пользователь начал работу: 7950838601
2025-10-06 17:19:04 - bot_logger - INFO - Новый пользователь: 7950838601. Всего пользователей: 1
2025-10-06 17:19:04 - bot_logger - INFO - Обычный пользователь начал работу: 7950838601
2025-10-06 17:19:08 - bot_logger - INFO - Пользователь 7950838601 запустил соревновательный режим.
2025-10-06 17:21:28 - bot_logger - INFO - Новый пользователь: 7950838601. Всего пользователей: 1
2025-10-06 17:21:28 - bot_logger - INFO - Обычный пользователь начал работу: 7950838601
2025-10-06 17:24:36 - bot_logger - INFO - Бот останавливается...
2025-10-06 17:24:42 - bot_logger - INFO - Запуск поллинга...
2025-10-06 17:24:42 - bot_logger - INFO - Бот запускается...
2025-10-06 17:24:47 - bot_logger - INFO - Новый пользователь: 7950838601. Всего пользователей: 1
2025-10-06 17:24:47 - bot_logger - INFO - Обычный пользователь начал работу: 7950838601
2025-10-06 17:32:22 - bot_logger - INFO - Бот останавливается...
2025-10-06 17:32:28 - bot_logger - INFO - Запуск поллинга...
2025-10-06 17:32:28 - bot_logger - INFO - Бот запускается...
2025-10-06 17:32:32 - bot_logger - INFO - Новый пользователь: 7950838601. Всего пользователей: 1
2025-10-06 17:32:32 - bot_logger - INFO - Обычный пользователь начал работу: 7950838601
2025-10-06 17:36:19 - bot_logger - INFO - Бот останавливается...
2025-10-06 17:36:25 - bot_logger - INFO - Запуск поллинга...
2025-10-06 17:36:25 - bot_logger - INFO - Бот запускается...
2025-10-06 17:36:27 - bot_logger - INFO - Новый пользователь: 7950838601. Всего пользователей: 1
2025-10-06 17:36:27 - bot_logger - INFO - Обычный пользователь начал работу: 7950838601
2025-10-06 17:41:23 - bot_logger - INFO - Бот останавливается...
2025-10-06 17:41:29 - bot_logger - INFO - Запуск поллинга...
2025-10-06 17:41:29 - bot_logger - INFO - Бот запускается...
2025-10-06 17:41:51 - bot_logger - INFO - Новый пользователь: 7950838601. Всего пользователей: 1
2025-10-06 17:41:51 - bot_logger - INFO - Обычный пользователь начал работу: 7950838601
2025-10-07 15:20:56 - bot_logger - INFO - Запуск поллинга...
2025-10-07 15:20:56 - bot_logger - INFO - Бот запускается...
2025-10-07 15:20:56 - bot_logger - INFO - Новый пользователь: 7124181473. Всего пользователей: 1
2025-10-07 15:20:56 - bot_logger - INFO - Обычный пользователь начал работу: 7124181473
2025-10-07 15:21:12 - bot_logger - INFO - Новый пользователь: 1712396207. Всего пользователей: 2
2025-10-07 15:21:12 - bot_logger - INFO - Обычный пользователь начал работу: 1712396207
2025-10-07 15:21:35 - bot_logger - INFO - Новый пользователь: 1712396207. Всего пользователей: 2
2025-10-07 15:21:35 - bot_logger - INFO - Обычный пользователь начал работу: 1712396207
2025-10-07 15:25:51 - bot_logger - INFO - Бот останавливается...
2025-10-07 15:25:57 - bot_logger - INFO - Запуск поллинга...
2025-10-07 15:25:57 - bot_logger - INFO - Бот запускается...
2025-10-07 15:26:01 - bot_logger - INFO - Новый пользователь: 1712396207. Всего пользователей: 1
2025-10-07 15:26:01 - bot_logger - INFO - Обычный пользователь начал работу: 1712396207
2025-10-07 15:27:29 - bot_logger - INFO - Бот останавливается...
2025-10-07 15:27:34 - bot_logger - INFO - Запуск поллинга...
2025-10-07 15:27:34 - bot_logger - INFO - Бот запускается...
2025-10-07 15:32:57 - bot_logger - INFO - Новый пользователь: 1182143202. Всего пользователей: 1
2025-10-07 15:32:57 - bot_logger - INFO - Обычный пользователь начал работу: 1182143202
2025-10-07 15:53:02 - bot_logger - INFO - Бот останавливается...
2025-10-07 15:53:08 - bot_logger - INFO - Запуск поллинга...
2025-10-07 15:53:08 - bot_logger - INFO - Бот запускается...
2025-10-07 19:21:43 - bot_logger - INFO - Новый пользователь: 7124181473. Всего пользователей: 1
2025-10-07 19:21:43 - bot_logger - INFO - Обычный пользователь начал работу: 7124181473
2025-10-07 19:32:34 - bot_logger - INFO - Бот останавливается...
2025-10-07 19:32:40 - bot_logger - INFO - Запуск поллинга...
2025-10-07 19:32:40 - bot_logger - INFO - Бот запускается...
2025-10-07 19:35:05 - bot_logger - INFO - Бот останавливается...
2025-10-07 19:35:11 - bot_logger - INFO - Запуск поллинга...
2025-10-07 19:35:11 - bot_logger - INFO - Бот запускается...
2025-10-07 19:35:16 - bot_logger - INFO - Новый пользователь: 1712396207. Всего пользователей: 1
2025-10-07 19:35:16 - bot_logger - INFO - Обычный пользователь начал работу: 1712396207
2025-10-07 19:35:21 - bot_logger - INFO - Новый пользователь: 1712396207. Всего пользователей: 1
2025-10-07 19:35:21 - bot_logger - INFO - Обычный пользователь начал работу: 1712396207
2025-10-07 19:37:17 - bot_logger - INFO - Бот останавливается...
2025-10-07 19:37:23 - bot_logger - INFO - Запуск поллинга...
2025-10-07 19:37:23 - bot_logger - INFO - Бот запускается...
2025-10-07 19:37:32 - bot_logger - INFO - Новый пользователь: 1712396207. Всего пользователей: 1
2025-10-07 19:37:32 - bot_logger - INFO - Обычный пользователь начал работу: 1712396207
2025-10-07 19:40:40 - bot_logger - INFO - Новый пользователь: 374644198. Всего пользователей: 2
2025-10-07 19:40:40 - bot_logger - INFO - Обычный пользователь начал работу: 374644198
2025-10-07 20:41:00 - bot_logger - INFO - Бот останавливается...
2025-10-07 20:41:57 - bot_logger - INFO - Запуск поллинга...
2025-10-07 20:41:57 - bot_logger - INFO - Бот запускается...
2025-10-07 20:42:44 - bot_logger - INFO - Новый пользователь: 1182143202. Всего пользователей: 1
2025-10-07 20:42:44 - bot_logger - INFO - Обычный пользователь начал работу: 1182143202
2025-10-07 21:06:23 - bot_logger - INFO - Пользователь 1712396207 запустил соревновательный режим.
2025-10-08 18:11:32 - bot_logger - INFO - Запуск поллинга...
2025-10-08 18:11:32 - bot_logger - INFO - Бот запускается...
2025-10-08 18:12:28 - bot_logger - INFO - Бот останавливается...
2025-10-08 18:12:33 - bot_logger - INFO - Запуск поллинга...
2025-10-08 18:12:33 - bot_logger - INFO - Бот запушен.
2025-10-08 18:16:27 - bot_logger - INFO - Бот остановлен.
2025-10-08 18:16:32 - bot_logger - INFO - Запуск поллинга...
2025-10-08 18:16:32 - bot_logger - INFO - Бот запушен.
2025-10-08 18:17:53 - bot_logger - INFO - Новый пользователь: 1712396207. Всего пользователей: 1
2025-10-08 18:17:53 - bot_logger - INFO - Обычный пользователь начал работу: 1712396207
2025-10-08 18:19:06 - bot_logger - INFO - Новый пользователь: 1712396207. Всего пользователей: 1
2025-10-08 18:19:06 - bot_logger - INFO - Обычный пользователь начал работу: 1712396207
2025-10-08 18:38:05 - bot_logger - INFO - Бот остановлен.
2025-10-08 18:38:10 - bot_logger - INFO - ✅ Все необходимые файлы найдены
2025-10-08 18:38:10 - bot_logger - INFO - 🚀 Запуск бота...
2025-10-08 18:38:10 - bot_logger - INFO - Запуск поллинга...
2025-10-08 18:38:10 - bot_logger - INFO - Бот запушен.
2025-10-08 18:38:39 - bot_logger - INFO - Пользователь 1712396207 запустил соревновательный режим.
2025-10-08 18:41:42 - bot_logger - INFO - Бот остановлен.
2025-10-08 18:41:48 - bot_logger - INFO - ✅ Все необходимые файлы найдены
2025-10-08 18:41:48 - bot_logger - INFO - 🚀 Запуск бота...
2025-10-08 18:41:48 - bot_logger - INFO - Запуск поллинга...
2025-10-08 18:41:48 - bot_logger - INFO - Бот запушен.
2025-10-08 18:42:20 - bot_logger - INFO - Новый пользователь: 1712396207. Всего пользователей: 1
2025-10-08 18:42:20 - bot_logger - INFO - Обычный пользователь начал работу: 1712396207
2025-10-08 19:02:31 - bot_logger - INFO - Бот остановлен.
2025-10-08 19:03:11 - bot_logger - INFO - ✅ Все необходимые файлы найдены
2025-10-08 19:03:11 - bot_logger - INFO - 🚀 Запуск бота...
2025-10-08 19:03:11 - bot_logger - INFO - Запуск поллинга...
2025-10-08 19:03:11 - bot_logger - INFO - Бот запушен.
2025-10-09 10:21:51 - bot_logger - INFO - ✅ Все необходимые файлы найдены
2025-10-09 10:21:51 - bot_logger - INFO - 🚀 Запуск бота...
2025-10-09 10:21:51 - bot_logger - INFO - Запуск поллинга...
2025-10-09 10:21:51 - bot_logger - INFO - Бот запушен.
2025-10-09 10:28:28 - bot_logger - INFO - Бот остановлен.
2025-10-09 10:28:34 - bot_logger - INFO - ✅ Все необходимые файлы найдены
2025-10-09 10:28:34 - bot_logger - INFO - 🚀 Запуск бота...
2025-10-09 10:28:34 - bot_logger - INFO - Запуск поллинга...
2025-10-09 10:28:34 - bot_logger - INFO - Бот запушен.
2025-10-09 10:28:39 - bot_logger - INFO - Новый пользователь: 1712396207. Всего пользователей: 1
2025-10-09 10:28:39 - bot_logger - INFO - Обычный пользователь начал работу: 1712396207
2025-10-09 10:30:20 - bot_logger - INFO - Бот остановлен.
2025-10-09 10:30:25 - bot_logger - INFO - ✅ Все необходимые файлы найдены
2025-10-09 10:30:25 - bot_logger - INFO - 🚀 Запуск бота...
2025-10-09 10:30:25 - bot_logger - INFO - Запуск поллинга...
2025-10-09 10:30:25 - bot_logger - INFO - Бот запушен.
2025-10-09 10:30:28 - bot_logger - INFO - Новый пользователь: 1712396207. Всего пользователей: 1
2025-10-09 10:30:28 - bot_logger - INFO - Обычный пользователь начал работу: 1712396207
2025-10-09 10:38:50 - bot_logger - INFO - Новый пользователь: 1712396207. Всего пользователей: 1
2025-10-09 10:38:50 - bot_logger - INFO - Обычный пользователь начал работу: 1712396207
2025-10-09 10:50:08 - bot_logger - INFO - Бот остановлен.
2025-10-09 10:50:14 - bot_logger - INFO - ✅ Все необходимые файлы найдены
2025-10-09 10:50:14 - bot_logger - INFO - 🚀 Запуск бота...
2025-10-09 10:50:14 - bot_logger - INFO - Запуск поллинга...
2025-10-09 10:50:14 - bot_logger - INFO - Бот запушен.
2025-10-09 10:50:17 - bot_logger - INFO - Новый пользователь: 7950838601. Всего пользователей: 1
2025-10-09 10:50:17 - bot_logger - INFO - Обычный пользователь начал работу: 7950838601
2025-10-09 22:23:25 - bot_logger - INFO - ✅ Все необходимые файлы найдены
2025-10-09 22:23:25 - bot_logger - INFO - 🚀 Запуск бота...
2025-10-09 22:23:25 - bot_logger - INFO - Запуск поллинга...
2025-10-09 22:23:25 - bot_logger - INFO - Бот запушен.
2025-10-09 22:23:26 - bot_logger - INFO - Новый пользователь: 7950838601. Всего пользователей: 1
2025-10-09 22:23:26 - bot_logger - INFO - Обычный пользователь начал работу: 7950838601
2025-10-09 22:23:31 - bot_logger - INFO - Новый пользователь: 7950838601. Всего пользователей: 1
2025-10-09 22:23:31 - bot_logger - INFO - Обычный пользователь начал работу: 7950838601
2025-10-09 22:24:01 - bot_logger - INFO - Новый пользователь: 7950838601. Всего пользователей: 1
2025-10-09 22:24:01 - bot_logger - INFO - Обычный пользователь начал работу: 7950838601
2025-10-09 22:24:53 - bot_logger - INFO - Новый пользователь: 7950838601. Всего пользователей: 1
2025-10-09 22:24:53 - bot_logger - INFO - Обычный пользователь начал работу: 7950838601
2025-10-09 22:25:42 - bot_logger - INFO - Пользователь 7950838601 запустил соревновательный режим.
2025-10-09 22:30:53 - bot_logger - INFO - Новый пользователь: 7950838601. Всего пользователей: 1
2025-10-09 22:30:53 - bot_logger - INFO - Обычный пользователь начал работу: 7950838601
2025-10-09 22:34:52 - bot_logger - INFO - Бот остановлен.
2025-10-09 22:34:58 - bot_logger - INFO - ✅ Все необходимые файлы найдены
2025-10-09 22:34:58 - bot_logger - INFO - 🚀 Запуск бота...
2025-10-09 22:34:58 - bot_logger - INFO - Запуск поллинга...
2025-10-09 22:34:58 - bot_logger - INFO - Бот запушен.
2025-10-09 22:35:14 - bot_logger - INFO - Новый пользователь: 7950838601. Всего пользователей: 1
2025-10-09 22:35:14 - bot_logger - INFO - Обычный пользователь начал работу: 7950838601
2025-10-09 22:38:30 - bot_logger - INFO - Новый пользователь: 7950838601. Всего пользователей: 1
2025-10-09 22:38:30 - bot_logger - INFO - Обычный пользователь начал работу: 7950838601
2025-10-09 22:42:25 - bot_logger - INFO - Новый пользователь: 7950838601. Всего пользователей: 1
2025-10-09 22:42:25 - bot_logger - INFO - Обычный пользователь начал работу: 7950838601
2025-10-09 22:46:48 - bot_logger - INFO - Бот остановлен.
2025-10-09 22:46:54 - bot_logger - INFO - ✅ Все необходимые файлы найдены
2025-10-09 22:46:54 - bot_logger - INFO - 🚀 Запуск бота...
2025-10-09 22:46:54 - bot_logger - INFO - Запуск поллинга...
2025-10-09 22:46:54 - bot_logger - INFO - Бот запушен.
2025-10-09 22:47:05 - bot_logger - INFO - Новый пользователь: 7950838601. Всего пользователей: 1
2025-10-09 22:47:05 - bot_logger - INFO - Обычный пользователь начал работу: 7950838601
2025-10-09 22:47:14 - bot_logger - INFO - Новый пользователь: 7950838601. Всего пользователей: 1
2025-10-09 22:47:14 - bot_logger - INFO - Обычный пользователь начал работу: 7950838601
2025-10-09 22:47:23 - bot_logger - INFO - Новый пользователь: 7950838601. Всего пользователей: 1
2025-10-09 22:47:23 - bot_logger - INFO - Обычный пользователь начал работу: 7950838601
2025-10-10 17:08:45 - bot_logger - INFO - ✅ Все необходимые файлы найдены
2025-10-10 17:08:45 - bot_logger - INFO - 🚀 Запуск бота...
2025-10-10 17:08:45 - bot_logger - INFO - Запуск поллинга...
2025-10-10 17:08:45 - bot_logger - INFO - Бот запушен.
2025-10-10 17:10:49 - bot_logger - INFO - Новый пользователь: 1712396207. Всего пользователей: 1
2025-10-10 17:10:49 - bot_logger - INFO - Обычный пользователь начал работу: 1712396207
2025-10-10 17:11:26 - bot_logger - INFO - Новый пользователь: 1712396207. Всего пользователей: 1
2025-10-10 17:11:26 - bot_logger - INFO - Обычный пользователь начал работу: 1712396207
2025-10-10 17:15:55 - bot_logger - INFO - Новый пользователь: 1712396207. Всего пользователей: 1
2025-10-10 17:15:55 - bot_logger - INFO - Обычный пользователь начал работу: 1712396207
2025-10-10 17:16:52 - bot_logger - INFO - Бот остановлен.
2025-10-10 17:16:58 - bot_logger - INFO - ✅ Все необходимые файлы найдены
2025-10-10 17:16:58 - bot_logger - INFO - 🚀 Запуск бота...
2025-10-10 17:16:58 - bot_logger - INFO - Запуск поллинга...
2025-10-10 17:16:58 - bot_logger - INFO - Бот запушен.
2025-10-10 17:17:03 - bot_logger - INFO - Новый пользователь: 1712396207. Всего пользователей: 1
2025-10-10 17:17:03 - bot_logger - INFO - Обычный пользователь начал работу: 1712396207
2025-10-10 19:32:52 - bot_logger - INFO - Новый пользователь: 1712396207. Всего пользователей: 1
2025-10-10 19:32:52 - bot_logger - INFO - Обычный пользователь начал работу: 1712396207
2025-10-10 21:22:48 - bot_logger - INFO - Бот остановлен.
2025-10-10 21:35:29 - bot_logger - INFO - ✅ Все необходимые файлы найдены
2025-10-10 21:35:29 - bot_logger - INFO - 🚀 Запуск бота...
2025-10-10 21:35:29 - bot_logger - INFO - Запуск поллинга...
2025-10-10 21:35:29 - bot_logger - INFO - Бот запушен.
2025-10-10 21:35:41 - bot_logger - INFO - Новый пользователь: 1712396207. Всего пользователей: 1
2025-10-10 21:35:41 - bot_logger - INFO - Обычный пользователь начал работу: 1712396207
2025-10-10 21:35:55 - bot_logger - INFO - Новый пользователь: 7950838601. Всего пользователей: 2
2025-10-10 21:35:55 - bot_logger - INFO - Обычный пользователь начал работу: 7950838601
2025-10-10 21:36:50 - bot_logger - INFO - Бот остановлен.
2025-10-10 21:36:52 - bot_logger - INFO - ✅ Все необходимые файлы найдены
2025-10-10 21:36:52 - bot_logger - INFO - 🚀 Запуск бота...
2025-10-10 21:36:52 - bot_logger - INFO - Запуск поллинга...
2025-10-10 21:36:52 - bot_logger - INFO - Бот запушен.
2025-10-10 21:36:57 - bot_logger - INFO - Новый пользователь: 7950838601. Всего пользователей: 1
2025-10-10 21:36:57 - bot_logger - INFO - Обычный пользователь начал работу: 7950838601
2025-10-10 21:37:31 - bot_logger - INFO - Новый пользователь: 7950838601. Всего пользователей: 1
2025-10-10 21:37:31 - bot_logger - INFO - Обычный пользователь начал работу: 7950838601
2025-10-10 21:37:37 - bot_logger - INFO - Новый пользователь: 7950838601. Всего пользователей: 1
2025-10-10 21:37:37 - bot_logger - INFO - Обычный пользователь начал работу: 7950838601
2025-10-10 21:49:34 - bot_logger - INFO - Новый пользователь: 7950838601. Всего пользователей: 1
2025-10-10 21:49:34 - bot_logger - INFO - Обычный пользователь начал работу: 7950838601
2025-10-10 21:54:53 - bot_logger - INFO - Бот остановлен.
2025-10-10 21:58:37 - bot_logger - ERROR - ❌ Отсутствуют необходимые файлы:
2025-10-10 21:58:37 - bot_logger - ERROR -    - admin_panel/start.py
2025-10-10 22:00:33 - bot_logger - INFO - ✅ Все необходимые файлы найдены
2025-10-10 22:00:33 - bot_logger - INFO - 🚀 Запуск бота...
2025-10-10 22:00:33 - bot_logger - INFO - Запуск поллинга...
2025-10-10 22:00:33 - bot_logger - INFO - Бот запушен.
2025-10-10 22:02:02 - bot_logger - INFO - Бот остановлен.
2025-10-10 22:02:08 - bot_logger - INFO - ✅ Все необходимые файлы найдены
2025-10-10 22:02:08 - bot_logger - INFO - 🚀 Запуск бота...
2025-10-10 22:02:08 - bot_logger - INFO - Запуск поллинга...
2025-10-10 22:02:08 - bot_logger - INFO - Бот запушен.
2025-10-10 22:04:42 - bot_logger - INFO - Бот остановлен.
2025-10-10 22:04:48 - bot_logger - INFO - ✅ Все необходимые файлы найдены
2025-10-10 22:04:48 - bot_logger - INFO - 🚀 Запуск бота...
2025-10-10 22:04:48 - bot_logger - INFO - Запуск поллинга...
2025-10-10 22:04:48 - bot_logger - INFO - Бот запушен.
2025-10-10 22:04:52 - bot_logger - INFO - Новый пользователь: 7950838601. Всего пользователей: 1
2025-10-10 22:04:52 - bot_logger - INFO - Обычный пользователь начал работу: 7950838601
2025-10-10 22:04:56 - bot_logger - INFO - Новый пользователь: 7950838601. Всего пользователей: 1
2025-10-10 22:04:56 - bot_logger - INFO - Обычный пользователь начал работу: 7950838601
2025-10-10 22:25:40 - bot_logger - INFO - Бот остановлен.
2025-10-10 22:25:45 - bot_logger - INFO - ✅ Все необходимые файлы найдены
2025-10-10 22:25:45 - bot_logger - INFO - Запуск бота...
2025-10-10 22:25:45 - bot_logger - INFO - Запуск поллинга...
2025-10-10 22:25:45 - bot_logger - INFO - Бот запушен.
2025-10-10 22:25:48 - bot_logger - INFO - Новый пользователь: 7950838601. Всего пользователей: 1
2025-10-10 22:25:48 - bot_logger - INFO - Обычный пользователь начал работу: 7950838601
2025-10-10 22:25:51 - bot_logger - INFO - Новый пользователь: 7950838601. Всего пользователей: 1
2025-10-10 22:25:51 - bot_logger - INFO - Обычный пользователь начал работу: 7950838601
2025-10-10 22:27:57 - bot_logger - INFO - Бот остановлен.
2025-10-10 22:28:03 - bot_logger - INFO - ✅ Все необходимые файлы найдены
2025-10-10 22:28:03 - bot_logger - INFO - Запуск бота...
2025-10-10 22:28:03 - bot_logger - INFO - Запуск поллинга...
2025-10-10 22:28:03 - bot_logger - INFO - Бот запушен.
2025-10-10 22:28:03 - bot_logger - INFO - Новый пользователь: 7950838601. Всего пользователей: 1
2025-10-10 22:28:03 - bot_logger - INFO - Обычный пользователь начал работу: 7950838601
2025-10-10 22:28:16 - bot_logger - INFO - Новый пользователь: 7950838601. Всего пользователей: 1
2025-10-10 22:28:16 - bot_logger - INFO - Обычный пользователь начал работу: 7950838601
2025-10-10 22:28:18 - bot_logger - INFO - Новый пользователь: 7950838601. Всего пользователей: 1
2025-10-10 22:28:18 - bot_logger - INFO - Обычный пользователь начал работу: 7950838601
2025-10-10 22:28:27 - bot_logger - INFO - Новый пользователь: 7950838601. Всего пользователей: 1
2025-10-10 22:28:27 - bot_logger - INFO - Обычный пользователь начал работу: 7950838601
2025-10-10 22:40:44 - bot_logger - INFO - Бот остановлен.
2025-10-10 22:40:50 - bot_logger - ERROR - ❌ Отсутствуют необходимые файлы:
2025-10-10 22:40:50 - bot_logger - ERROR -    - commands/unknown_message
2025-10-10 22:41:15 - bot_logger - INFO - ✅ Все необходимые файлы найдены
2025-10-10 22:41:15 - bot_logger - INFO - Запуск бота...
2025-10-10 22:41:15 - bot_logger - INFO - Запуск поллинга...
2025-10-10 22:41:15 - bot_logger - INFO - Бот запушен.
2025-10-10 22:41:53 - bot_logger - INFO - Бот остановлен.
2025-10-10 22:41:59 - bot_logger - INFO - ✅ Все необходимые файлы найдены
2025-10-10 22:41:59 - bot_logger - INFO - Запуск бота...
2025-10-10 22:41:59 - bot_logger - INFO - Запуск поллинга...
2025-10-10 22:41:59 - bot_logger - INFO - Бот запушен.
2025-10-10 22:43:13 - bot_logger - INFO - Бот остановлен.
2025-10-10 22:43:18 - bot_logger - INFO - ✅ Все необходимые файлы найдены
2025-10-10 22:43:18 - bot_logger - INFO - Запуск бота...
2025-10-10 22:43:18 - bot_logger - INFO - Запуск поллинга...
2025-10-10 22:43:18 - bot_logger - INFO - Бот запушен.
2025-10-10 22:43:20 - bot_logger - INFO - Новый пользователь: 7950838601. Всего пользователей: 1
2025-10-10 22:43:20 - bot_logger - INFO - Обычный пользователь начал работу: 7950838601
2025-10-10 22:44:21 - bot_logger - INFO - Бот остановлен.
2025-10-10 22:44:26 - bot_logger - INFO - ✅ Все необходимые файлы найдены
2025-10-10 22:44:26 - bot_logger - INFO - Запуск бота...
2025-10-10 22:44:26 - bot_logger - INFO - Запуск поллинга...
2025-10-10 22:44:26 - bot_logger - INFO - Бот запушен.
2025-10-10 22:44:28 - bot_logger - INFO - Новый пользователь: 7950838601. Всего пользователей: 1
2025-10-10 22:44:28 - bot_logger - INFO - Обычный пользователь начал работу: 7950838601
2025-10-10 22:44:39 - bot_logger - INFO - Новый пользователь: 7950838601. Всего пользователей: 1
2025-10-10 22:44:39 - bot_logger - INFO - Обычный пользователь начал работу: 7950838601
2025-10-10 22:45:31 - bot_logger - INFO - Бот остановлен.
2025-10-10 22:45:36 - bot_logger - INFO - ✅ Все необходимые файлы найдены
2025-10-10 22:45:36 - bot_logger - INFO - Запуск бота...
2025-10-10 22:45:36 - bot_logger - INFO - Запуск поллинга...
2025-10-10 22:45:36 - bot_logger - INFO - Бот запушен.
2025-10-10 22:45:38 - bot_logger - INFO - Новый пользователь: 7950838601. Всего пользователей: 1
2025-10-10 22:45:38 - bot_logger - INFO - Обычный пользователь начал работу: 7950838601
2025-10-10 22:45:51 - bot_logger - INFO - Новый пользователь: 7950838601. Всего пользователей: 1
2025-10-10 22:45:51 - bot_logger - INFO - Обычный пользователь начал работу: 7950838601
2025-10-10 22:45:54 - bot_logger - INFO - Новый пользователь: 7950838601. Всего пользователей: 1
2025-10-10 22:45:54 - bot_logger - INFO - Обычный пользователь начал работу: 7950838601
2025-10-10 22:46:03 - bot_logger - INFO - Новый пользователь: 7950838601. Всего пользователей: 1
2025-10-10 22:46:03 - bot_logger - INFO - Обычный пользователь начал работу: 7950838601
2025-10-11 09:31:38 - bot_logger - INFO - ✅ Все необходимые файлы найдены
2025-10-11 09:31:38 - bot_logger - INFO - Запуск бота...
2025-10-11 09:31:38 - bot_logger - INFO - Запуск поллинга...
2025-10-11 09:31:38 - bot_logger - INFO - Бот запушен.
2025-10-11 09:31:38 - bot_logger - INFO - Новый пользователь: 374644198. Всего пользователей: 1
2025-10-11 09:31:38 - bot_logger - INFO - Обычный пользователь начал работу: 374644198
2025-10-11 09:31:38 - bot_logger - INFO - Новый пользователь: 374644198. Всего пользователей: 1
2025-10-11 09:31:38 - bot_logger - INFO - Обычный пользователь начал работу: 374644198
2025-10-11 09:31:47 - bot_logger - INFO - Новый пользователь: 7950838601. Всего пользователей: 2
2025-10-11 09:31:47 - bot_logger - INFO - Обычный пользователь начал работу: 7950838601
2025-10-11 09:32:16 - bot_logger - INFO - Новый пользователь: 202767774. Всего пользователей: 3
2025-10-11 09:32:16 - bot_logger - INFO - Обычный пользователь начал работу: 202767774
2025-10-11 09:33:46 - bot_logger - INFO - Новый пользователь: 202767774. Всего пользователей: 3
2025-10-11 09:33:46 - bot_logger - INFO - Обычный пользователь начал работу: 202767774
2025-10-11 09:33:52 - bot_logger - INFO - Новый пользователь: 7950838601. Всего пользователей: 3
2025-10-11 09:33:52 - bot_logger - INFO - Обычный пользователь начал работу: 7950838601
2025-10-11 09:34:09 - bot_logger - INFO - Пользователь 202767774 запустил соревновательный режим.
2025-10-11 09:34:14 - bot_logger - INFO - Новый пользователь: 7950838601. Всего пользователей: 3
2025-10-11 09:34:14 - bot_logger - INFO - Обычный пользователь начал работу: 7950838601
2025-10-11 09:37:09 - bot_logger - INFO - Новый пользователь: 7950838601. Всего пользователей: 3
2025-10-11 09:37:09 - bot_logger - INFO - Обычный пользователь начал работу: 7950838601
2025-10-11 09:37:14 - bot_logger - INFO - Новый пользователь: 7950838601. Всего пользователей: 3
2025-10-11 09:37:14 - bot_logger - INFO - Обычный пользователь начал работу: 7950838601
2025-10-11 09:38:07 - bot_logger - INFO - Новый пользователь: 202767774. Всего пользователей: 3
2025-10-11 09:38:07 - bot_logger - INFO - Обычный пользователь начал работу: 202767774
2025-10-11 09:41:16 - bot_logger - INFO - Новый пользователь: 7950838601. Всего пользователей: 3
2025-10-11 09:41:16 - bot_logger - INFO - Обычный пользователь начал работу: 7950838601
2025-10-11 09:41:33 - bot_logger - INFO - Новый пользователь: 202767774. Всего пользователей: 3
2025-10-11 09:41:33 - bot_logger - INFO - Обычный пользователь начал работу: 202767774
2025-10-11 09:41:54 - bot_logger - INFO - Новый пользователь: 202767774. Всего пользователей: 3
2025-10-11 09:41:54 - bot_logger - INFO - Обычный пользователь начал работу: 202767774
2025-10-11 09:42:04 - bot_logger - INFO - Бот остановлен.
2025-10-11 09:43:54 - bot_logger - INFO - ✅ Все необходимые файлы найдены
2025-10-11 09:43:54 - bot_logger - INFO - Запуск бота...
2025-10-11 09:43:54 - bot_logger - INFO - Запуск поллинга...
2025-10-11 09:43:54 - bot_logger - INFO - Бот запушен.
2025-10-11 09:43:58 - bot_logger - INFO - Пользователь 7950838601 запустил соревновательный режим.
2025-10-11 09:44:01 - bot_logger - INFO - Новый пользователь: 7950838601. Всего пользователей: 1
2025-10-11 09:44:01 - bot_logger - INFO - Обычный пользователь начал работу: 7950838601
2025-10-11 09:44:17 - bot_logger - INFO - Пользователь 7950838601 запустил соревновательный режим.
2025-10-11 09:44:44 - bot_logger - INFO - Новый пользователь: 7950838601. Всего пользователей: 1
2025-10-11 09:44:44 - bot_logger - INFO - Обычный пользователь начал работу: 7950838601
2025-10-11 09:47:43 - bot_logger - INFO - Бот остановлен.
2025-10-11 09:47:49 - bot_logger - INFO - ✅ Все необходимые файлы найдены
2025-10-11 09:47:49 - bot_logger - INFO - Запуск бота...
2025-10-11 09:47:49 - bot_logger - INFO - Запуск поллинга...
2025-10-11 09:47:49 - bot_logger - INFO - Бот запушен.
2025-10-11 09:47:59 - bot_logger - INFO - Новый пользователь: 7950838601. Всего пользователей: 1
2025-10-11 09:48:25 - bot_logger - INFO - Новый пользователь: 7950838601. Всего пользователей: 1
2025-10-11 10:09:45 - bot_logger - INFO - Новый пользователь: 7950838601. Всего пользователей: 1
2025-10-11 10:09:48 - bot_logger - INFO - Новый пользователь: 7950838601. Всего пользователей: 1
2025-10-11 10:26:18 - bot_logger - INFO - Новый пользователь: 1924776185. Всего пользователей: 2
2025-10-11 10:27:07 - bot_logger - INFO - Новый пользователь: 1924776185. Всего пользователей: 2
2025-10-11 10:27:12 - bot_logger - INFO - Пользователь 1924776185 запустил соревновательный режим.
2025-10-11 10:27:14 - bot_logger - INFO - Новый пользователь: 1924776185. Всего пользователей: 2
2025-10-11 10:27:23 - bot_logger - INFO - Новый пользователь: 1924776185. Всего пользователей: 2
2025-10-11 16:45:17 - bot_logger - INFO - ✅ Все необходимые файлы найдены
2025-10-11 16:45:17 - bot_logger - INFO - Запуск бота...
2025-10-11 16:45:17 - bot_logger - INFO - Запуск поллинга...
2025-10-11 16:45:17 - bot_logger - INFO - Бот запушен.
2025-10-11 16:46:33 - bot_logger - INFO - Новый пользователь: 1924776185. Всего пользователей: 1
2025-10-11 16:46:52 - bot_logger - INFO - Бот остановлен.
2025-10-11 16:46:57 - bot_logger - INFO - ✅ Все необходимые файлы найдены
2025-10-11 16:46:57 - bot_logger - INFO - Запуск бота...
2025-10-11 16:46:57 - bot_logger - INFO - Запуск поллинга...
2025-10-11 16:46:57 - bot_logger - INFO - Бот запушен.
2025-10-11 16:47:04 - bot_logger - INFO - Бот остановлен.
2025-10-11 16:47:10 - bot_logger - INFO - ✅ Все необходимые файлы найдены
2025-10-11 16:47:10 - bot_logger - INFO - Запуск бота...
2025-10-11 16:47:10 - bot_logger - INFO - Запуск поллинга...
2025-10-11 16:47:10 - bot_logger - INFO - Бот запушен.
2025-10-11 16:47:10 - bot_logger - INFO - Новый пользователь: 1924776185. Всего пользователей: 1
2025-10-11 16:47:15 - bot_logger - INFO - Пользователь 1924776185 запустил соревновательный режим.
2025-10-11 16:47:20 - bot_logger - INFO - Бот остановлен.
2025-10-11 16:47:26 - bot_logger - INFO - ✅ Все необходимые файлы найдены
2025-10-11 16:47:26 - bot_logger - INFO - Запуск бота...
2025-10-11 16:47:26 - bot_logger - INFO - Запуск поллинга...
2025-10-11 16:47:26 - bot_logger - INFO - Бот запушен.
2025-10-11 16:47:33 - bot_logger - INFO - Бот остановлен.
2025-10-11 16:47:39 - bot_logger - INFO - ✅ Все необходимые файлы найдены
2025-10-11 16:47:39 - bot_logger - INFO - Запуск бота...
2025-10-11 16:47:39 - bot_logger - INFO - Запуск поллинга...
2025-10-11 16:47:39 - bot_logger - INFO - Бот запушен.
2025-10-11 16:47:55 - bot_logger - INFO - Новый пользователь: 1924776185. Всего пользователей: 1
2025-10-11 16:48:11 - bot_logger - INFO - ✅ Все необходимые файлы найдены
2025-10-11 16:48:11 - bot_logger - INFO - Запуск бота...
2025-10-11 16:48:11 - bot_logger - INFO - Запуск поллинга...
2025-10-11 16:48:11 - bot_logger - INFO - Бот запушен.
2025-10-11 16:48:28 - bot_logger - INFO - Бот остановлен.
2025-10-11 16:48:33 - bot_logger - INFO - ✅ Все необходимые файлы найдены
2025-10-11 16:48:33 - bot_logger - INFO - Запуск бота...
2025-10-11 16:48:33 - bot_logger - INFO - Запуск поллинга...
2025-10-11 16:48:33 - bot_logger - INFO - Бот запушен.
2025-10-11 16:48:35 - bot_logger - INFO - Новый пользователь: 7950838601. Всего пользователей: 1
2025-10-11 16:49:28 - bot_logger - INFO - Бот остановлен.
2025-10-11 16:49:33 - bot_logger - INFO - ✅ Все необходимые файлы найдены
2025-10-11 16:49:33 - bot_logger - INFO - Запуск бота...
2025-10-11 16:49:33 - bot_logger - INFO - Запуск поллинга...
2025-10-11 16:49:33 - bot_logger - INFO - Бот запушен.
2025-10-11 16:49:52 - bot_logger - INFO - Новый пользователь: 7950838601. Всего пользователей: 1
2025-10-11 16:51:59 - bot_logger - INFO - Бот остановлен.
2025-10-11 16:52:05 - bot_logger - INFO - ✅ Все необходимые файлы найдены
2025-10-11 16:52:05 - bot_logger - INFO - Запуск бота...
2025-10-11 16:52:05 - bot_logger - INFO - Запуск поллинга...
2025-10-11 16:52:05 - bot_logger - INFO - Бот запушен.
2025-10-11 16:52:05 - bot_logger - INFO - Новый пользователь: 7950838601. Всего пользователей: 1
2025-10-11 16:53:18 - bot_logger - INFO - Бот остановлен.
2025-10-11 16:53:29 - bot_logger - INFO - ✅ Все необходимые файлы найдены
2025-10-11 16:53:29 - bot_logger - INFO - Запуск бота...
2025-10-11 16:53:29 - bot_logger - INFO - Запуск поллинга...
2025-10-11 16:53:29 - bot_logger - INFO - Бот запушен.
2025-10-11 16:55:35 - bot_logger - INFO - Бот остановлен.
2025-10-11 16:55:40 - bot_logger - INFO - ✅ Все необходимые файлы найдены
2025-10-11 16:55:40 - bot_logger - INFO - Запуск бота...
2025-10-11 16:55:40 - bot_logger - INFO - Запуск поллинга...
2025-10-11 16:55:40 - bot_logger - INFO - Бот запушен.
2025-10-11 16:55:46 - bot_logger - INFO - Новый пользователь: 7950838601. Всего пользователей: 1
2025-10-11 16:56:14 - bot_logger - INFO - Новый пользователь: 1924776185. Всего пользователей: 2
2025-10-11 16:59:06 - bot_logger - INFO - Пользователь 1924776185 запустил соревновательный режим.
2025-10-11 17:01:14 - bot_logger - INFO - Пользователь 7950838601 запустил соревновательный режим.
2025-10-11 21:49:24 - bot_logger - INFO - Бот остановлен.
2025-10-11 21:49:30 - bot_logger - INFO - ✅ Все необходимые файлы найдены
2025-10-11 21:49:30 - bot_logger - INFO - Запуск бота...
2025-10-11 21:49:30 - bot_logger - INFO - Запуск поллинга...
2025-10-11 21:49:30 - bot_logger - INFO - Бот запушен.
2025-10-12 10:52:00 - bot_logger - INFO - ✅ Все необходимые файлы найдены
2025-10-12 10:52:00 - bot_logger - INFO - Запуск бота...
2025-10-12 10:52:00 - bot_logger - INFO - Запуск поллинга...
2025-10-12 10:52:00 - bot_logger - INFO - Бот запушен.
2025-10-12 10:52:00 - bot_logger - INFO - Новый пользователь: 1144196133. Всего пользователей: 1
2025-10-12 10:52:00 - bot_logger - INFO - Новый пользователь: 1144196133. Всего пользователей: 1
2025-10-12 11:00:06 - bot_logger - INFO - Бот остановлен.
2025-10-12 11:00:11 - bot_logger - INFO - ✅ Все необходимые файлы найдены
2025-10-12 11:00:11 - bot_logger - INFO - Запуск бота...
2025-10-12 11:00:11 - bot_logger - INFO - Запуск поллинга...
2025-10-12 11:00:11 - bot_logger - INFO - Бот запушен.
2025-10-12 12:24:18 - bot_logger - INFO - Бот остановлен.
2025-10-12 12:24:24 - bot_logger - INFO - ✅ Все необходимые файлы найдены
2025-10-12 12:24:24 - bot_logger - INFO - Запуск бота...
2025-10-12 12:24:24 - bot_logger - INFO - Запуск поллинга...
2025-10-12 12:24:24 - bot_logger - INFO - Бот запушен.
2025-10-12 12:31:30 - bot_logger - INFO - Бот остановлен.
2025-10-12 12:31:36 - bot_logger - INFO - ✅ Все необходимые файлы найдены
2025-10-12 12:31:36 - bot_logger - INFO - Запуск бота...
2025-10-12 12:31:36 - bot_logger - INFO - Запуск поллинга...
2025-10-12 12:31:36 - bot_logger - INFO - Бот запушен.
2025-10-12 12:33:34 - bot_logger - INFO - Бот остановлен.
2025-10-12 12:33:39 - bot_logger - INFO - ✅ Все необходимые файлы найдены
2025-10-12 12:33:39 - bot_logger - INFO - Запуск бота...
2025-10-12 12:33:39 - bot_logger - INFO - Запуск поллинга...
2025-10-12 12:33:39 - bot_logger - INFO - Бот запушен.
2025-10-12 12:37:11 - bot_logger - INFO - Бот остановлен.
2025-10-12 12:40:32 - bot_logger - INFO - ✅ Все необходимые файлы найдены
2025-10-12 12:40:32 - bot_logger - INFO - Запуск бота...
2025-10-12 12:40:32 - bot_logger - INFO - Запуск поллинга...
2025-10-12 12:40:32 - bot_logger - INFO - Бот запушен.
2025-10-12 12:42:16 - bot_logger - INFO - Бот остановлен.
2025-10-12 12:42:21 - bot_logger - INFO - ✅ Все необходимые файлы найдены
2025-10-12 12:42:21 - bot_logger - INFO - Запуск бота...
2025-10-12 12:42:21 - bot_logger - INFO - Запуск поллинга...
2025-10-12 12:42:21 - bot_logger - INFO - Бот запушен.
2025-10-12 17:01:16 - bot_logger - INFO - ✅ Все необходимые файлы найдены
2025-10-12 17:01:16 - bot_logger - INFO - Запуск бота...
2025-10-12 17:01:16 - bot_logger - INFO - Запуск поллинга...
2025-10-12 17:01:16 - bot_logger - INFO - Бот запушен.
2025-10-12 17:01:23 - bot_logger - INFO - Бот остановлен.
2025-10-12 20:07:37 - bot_logger - INFO - ✅ Все необходимые файлы найдены
2025-10-12 20:07:37 - bot_logger - INFO - Запуск бота...
2025-10-12 20:07:37 - bot_logger - INFO - Запуск поллинга...
2025-10-12 20:07:37 - bot_logger - INFO - Бот запушен.
2025-10-12 20:07:45 - bot_logger - INFO - Бот остановлен.
2025-10-12 20:07:48 - bot_logger - INFO - ✅ Все необходимые файлы найдены
2025-10-12 20:07:48 - bot_logger - INFO - Запуск бота...
2025-10-12 20:07:48 - bot_logger - INFO - Запуск поллинга...
2025-10-12 20:07:48 - bot_logger - INFO - Бот запушен.
2025-10-12 20:08:21 - bot_logger - INFO - Бот остановлен.
2025-10-13 17:00:18 - bot_logger - INFO - ✅ Все необходимые файлы найдены
2025-10-13 17:00:18 - bot_logger - INFO - Запуск бота...
2025-10-13 17:00:18 - bot_logger - INFO - Запуск поллинга...
2025-10-13 17:00:18 - bot_logger - INFO - Бот запушен.
2025-10-14 13:55:29 - bot_logger - INFO - ✅ Все необходимые файлы найдены
2025-10-14 13:55:29 - bot_logger - INFO - Запуск бота...
2025-10-14 13:55:29 - bot_logger - INFO - Запуск поллинга...
2025-10-14 13:55:29 - bot_logger - INFO - Бот запушен.
2025-10-14 14:00:52 - bot_logger - INFO - Бот остановлен.
2025-10-14 14:12:50 - bot_logger - INFO - ✅ Все необходимые файлы найдены
2025-10-14 14:12:50 - bot_logger - INFO - Запуск бота...
2025-10-14 14:12:50 - bot_logger - INFO - Запуск поллинга...
2025-10-14 14:12:50 - bot_logger - INFO - Бот запушен.
2025-10-14 14:20:14 - bot_logger - INFO - Бот остановлен.
2025-10-14 14:20:17 - bot_logger - INFO - ✅ Все необходимые файлы найдены
2025-10-14 14:20:17 - bot_logger - INFO - Запуск бота...
2025-10-14 14:20:17 - bot_logger - INFO - Запуск поллинга...
2025-10-14 14:20:17 - bot_logger - INFO - Бот запушен.
2025-10-14 14:23:24 - bot_logger - INFO - Бот остановлен.
2025-10-14 14:23:27 - bot_logger - INFO - ✅ Все необходимые файлы найдены
2025-10-14 14:23:27 - bot_logger - INFO - Запуск бота...
2025-10-14 14:23:27 - bot_logger - INFO - Запуск поллинга...
2025-10-14 14:23:27 - bot_logger - INFO - Бот запушен.
2025-10-14 14:23:58 - bot_logger - INFO - Бот остановлен.
2025-10-14 14:24:00 - bot_logger - INFO - ✅ Все необходимые файлы найдены
2025-10-14 14:24:00 - bot_logger - INFO - Запуск бота...
2025-10-14 14:24:00 - bot_logger - INFO - Запуск поллинга...
2025-10-14 14:24:00 - bot_logger - INFO - Бот запушен.
2025-10-14 14:24:53 - bot_logger - INFO - Бот остановлен.
2025-10-14 14:24:55 - bot_logger - INFO - ✅ Все необходимые файлы найдены
2025-10-14 14:24:55 - bot_logger - INFO - Запуск бота...
2025-10-14 14:24:55 - bot_logger - INFO - Запуск поллинга...
2025-10-14 14:24:55 - bot_logger - INFO - Бот запушен.
2025-10-14 14:26:32 - bot_logger - INFO - Бот остановлен.
2025-10-14 14:26:34 - bot_logger - INFO - ✅ Все необходимые файлы найдены
2025-10-14 14:26:34 - bot_logger - INFO - Запуск бота...
2025-10-14 14:26:34 - bot_logger - INFO - Запуск поллинга...
2025-10-14 14:26:34 - bot_logger - INFO - Бот запушен.
2025-10-14 14:28:28 - bot_logger - INFO - Новый пользователь: 1712396207. Всего пользователей: 1
2025-10-14 14:33:02 - bot_logger - INFO - Бот остановлен.
2025-10-14 14:33:05 - bot_logger - INFO - ✅ Все необходимые файлы найдены
2025-10-14 14:33:05 - bot_logger - INFO - Запуск бота...
2025-10-14 14:33:05 - bot_logger - INFO - Запуск поллинга...
2025-10-14 14:33:05 - bot_logger - INFO - Бот запушен.
2025-10-14 14:35:52 - bot_logger - INFO - Бот остановлен.
2025-10-14 14:35:55 - bot_logger - INFO - ✅ Все необходимые файлы найдены
2025-10-14 14:35:55 - bot_logger - INFO - Запуск бота...
2025-10-14 14:35:55 - bot_logger - INFO - Запуск поллинга...
2025-10-14 14:35:55 - bot_logger - INFO - Бот запушен.
2025-10-14 14:41:17 - bot_logger - INFO - Бот остановлен.
2025-10-14 14:41:20 - bot_logger - INFO - ✅ Все необходимые файлы найдены
2025-10-14 14:41:20 - bot_logger - INFO - Запуск бота...
2025-10-14 14:41:20 - bot_logger - INFO - Запуск поллинга...
2025-10-14 14:41:20 - bot_logger - INFO - Бот запушен.
2025-10-14 14:41:30 - bot_logger - INFO - Бот остановлен.
2025-10-14 14:42:05 - bot_logger - INFO - ✅ Все необходимые файлы найдены
2025-10-14 14:42:05 - bot_logger - INFO - Запуск бота...
2025-10-14 14:42:05 - bot_logger - INFO - Запуск поллинга...
2025-10-14 14:42:05 - bot_logger - INFO - Бот запушен.
2025-10-14 21:42:56 - bot_logger - INFO - Бот остановлен.
2025-10-14 21:42:59 - bot_logger - INFO - ✅ Все необходимые файлы найдены
2025-10-14 21:42:59 - bot_logger - INFO - Запуск бота...
2025-10-14 21:42:59 - bot_logger - INFO - Запуск поллинга...
2025-10-14 21:42:59 - bot_logger - INFO - Бот запушен.
2025-10-14 21:59:45 - bot_logger - INFO - Бот остановлен.
2025-10-14 22:43:59 - bot_logger - INFO - ✅ Все необходимые файлы найдены
2025-10-14 22:43:59 - bot_logger - INFO - Запуск бота...
2025-10-14 22:43:59 - bot_logger - ERROR - Критическая ошибка: name 'handle_hero_quiz_selection' is not defined
2025-10-14 22:44:34 - bot_logger - INFO - ✅ Все необходимые файлы найдены
2025-10-14 22:44:34 - bot_logger - INFO - Запуск бота...
2025-10-14 22:44:34 - bot_logger - INFO - Запуск поллинга...
2025-10-14 22:44:34 - bot_logger - INFO - Бот запушен.
2025-10-14 22:48:10 - bot_logger - INFO - Бот остановлен.
2025-10-14 22:52:30 - bot_logger - INFO - ✅ Все необходимые файлы найдены
2025-10-14 22:52:30 - bot_logger - INFO - Запуск бота...
2025-10-14 22:52:30 - bot_logger - INFO - Запуск поллинга...
2025-10-14 22:52:30 - bot_logger - INFO - Бот запушен.
2025-10-14 22:55:10 - bot_logger - INFO - Бот остановлен.
2025-10-14 22:55:13 - bot_logger - INFO - ✅ Все необходимые файлы найдены
2025-10-14 22:55:13 - bot_logger - INFO - Запуск бота...
2025-10-14 22:55:13 - bot_logger - INFO - Запуск поллинга...
2025-10-14 22:55:13 - bot_logger - INFO - Бот запушен.
2025-10-14 23:00:37 - bot_logger - INFO - Бот остановлен.
2025-10-14 23:00:44 - bot_logger - INFO - ✅ Все необходимые файлы найдены
2025-10-14 23:00:44 - bot_logger - INFO - Запуск бота...
2025-10-14 23:00:44 - bot_logger - INFO - Запуск поллинга...
2025-10-14 23:00:44 - bot_logger - INFO - Бот запушен.
2025-10-15 10:15:59 - bot_logger - INFO - ✅ Все необходимые файлы найдены
2025-10-15 10:15:59 - bot_logger - INFO - Запуск бота...
2025-10-15 10:15:59 - bot_logger - INFO - Запуск поллинга...
2025-10-15 10:15:59 - bot_logger - INFO - Бот запушен.
2025-10-15 10:31:27 - bot_logger - INFO - Бот остановлен.
2025-10-15 10:31:33 - bot_logger - INFO - ✅ Все необходимые файлы найдены
2025-10-15 10:31:33 - bot_logger - INFO - Запуск бота...
2025-10-15 10:31:33 - bot_logger - INFO - Запуск поллинга...
2025-10-15 10:31:33 - bot_logger - INFO - Бот запушен.
2025-10-15 10:53:05 - bot_logger - INFO - ✅ Все необходимые файлы найдены
2025-10-15 10:53:05 - bot_logger - INFO - Запуск бота...
2025-10-15 10:53:05 - bot_logger - INFO - Запуск поллинга...
2025-10-15 10:53:05 - bot_logger - INFO - Бот запушен.
2025-10-15 10:56:56 - bot_logger - INFO - Бот остановлен.
2025-10-15 10:57:02 - bot_logger - INFO - ✅ Все необходимые файлы найдены
2025-10-15 10:57:02 - bot_logger - INFO - Запуск бота...
2025-10-15 10:57:02 - bot_logger - INFO - Запуск поллинга...
2025-10-15 10:57:02 - bot_logger - INFO - Бот запушен.
2025-10-15 12:03:06 - bot_logger - INFO - Бот остановлен.
2025-10-15 12:03:11 - bot_logger - INFO - ✅ Все необходимые файлы найдены
2025-10-15 12:03:11 - bot_logger - INFO - Запуск бота...
2025-10-15 12:03:11 - bot_logger - INFO - Запуск поллинга...
2025-10-15 12:03:11 - bot_logger - INFO - Бот запушен.
2025-10-15 12:18:00 - bot_logger - INFO - Бот остановлен.
2025-10-15 12:18:04 - bot_logger - INFO - ✅ Все необходимые файлы найдены
2025-10-15 12:18:04 - bot_logger - INFO - Запуск бота...
2025-10-15 12:18:04 - bot_logger - INFO - Запуск поллинга...
2025-10-15 12:18:04 - bot_logger - INFO - Бот запушен.
2025-10-15 12:22:33 - bot_logger - INFO - Бот остановлен.
2025-10-15 12:22:37 - bot_logger - INFO - ✅ Все необходимые файлы найдены
2025-10-15 12:22:37 - bot_logger - INFO - Запуск бота...
2025-10-15 12:22:37 - bot_logger - INFO - Запуск поллинга...
2025-10-15 12:22:37 - bot_logger - INFO - Бот запушен.
2025-10-15 12:27:52 - bot_logger - INFO - Бот остановлен.
2025-10-15 12:27:57 - bot_logger - INFO - ✅ Все необходимые файлы найдены
2025-10-15 12:27:57 - bot_logger - INFO - Запуск бота...
2025-10-15 12:27:57 - bot_logger - INFO - Запуск поллинга...
2025-10-15 12:27:57 - bot_logger - INFO - Бот запушен.
2025-10-15 12:35:30 - bot_logger - INFO - Бот остановлен.
2025-10-15 12:35:34 - bot_logger - INFO - ✅ Все необходимые файлы найдены
2025-10-15 12:35:34 - bot_logger - INFO - Запуск бота...
2025-10-15 12:35:34 - bot_logger - INFO - Запуск поллинга...
2025-10-15 12:35:34 - bot_logger - INFO - Бот запушен.
2025-10-15 14:35:06 - bot_logger - INFO - Бот остановлен.
2025-10-15 14:35:12 - bot_logger - INFO - ✅ Все необходимые файлы найдены
2025-10-15 14:35:12 - bot_logger - INFO - Запуск бота...
2025-10-15 14:35:12 - bot_logger - INFO - Запуск поллинга...
2025-10-15 14:35:12 - bot_logger - INFO - Бот запушен.
2025-10-15 14:38:40 - bot_logger - INFO - Бот остановлен.
2025-10-15 14:38:46 - bot_logger - INFO - ✅ Все необходимые файлы найдены
2025-10-15 14:38:46 - bot_logger - INFO - Запуск бота...
2025-10-15 14:38:46 - bot_logger - INFO - Запуск поллинга...
2025-10-15 14:38:46 - bot_logger - INFO - Бот запушен.
2025-10-15 14:39:43 - bot_logger - INFO - Бот остановлен.
2025-10-15 14:39:48 - bot_logger - INFO - ✅ Все необходимые файлы найдены
2025-10-15 14:39:48 - bot_logger - INFO - Запуск бота...
2025-10-15 14:39:48 - bot_logger - INFO - Запуск поллинга...
2025-10-15 14:39:48 - bot_logger - INFO - Бот запушен.
2025-10-15 14:41:02 - bot_logger - INFO - Бот остановлен.
2025-10-15 14:42:19 - bot_logger - INFO - ✅ Все необходимые файлы найдены
2025-10-15 14:42:19 - bot_logger - INFO - Запуск бота...
2025-10-15 14:42:19 - bot_logger - INFO - Запуск поллинга...
2025-10-15 14:42:19 - bot_logger - INFO - Бот запушен.
2025-10-15 14:47:44 - bot_logger - INFO - Бот остановлен.
2025-10-15 14:47:50 - bot_logger - INFO - ✅ Все необходимые файлы найдены
2025-10-15 14:47:50 - bot_logger - INFO - Запуск бота...
2025-10-15 14:47:50 - bot_logger - INFO - Запуск поллинга...
2025-10-15 14:47:50 - bot_logger - INFO - Бот запушен.
2025-10-15 14:49:50 - bot_logger - INFO - Новый пользователь: 7950838601. Всего пользователей: 1
2025-10-15 14:50:31 - bot_logger - INFO - Бот остановлен.
2025-10-15 14:50:37 - bot_logger - INFO - ✅ Все необходимые файлы найдены
2025-10-15 14:50:37 - bot_logger - INFO - Запуск бота...
2025-10-15 14:50:37 - bot_logger - INFO - Запуск поллинга...
2025-10-15 14:50:37 - bot_logger - INFO - Бот запушен.
2025-10-15 14:52:06 - bot_logger - INFO - Бот остановлен.
2025-10-15 14:52:11 - bot_logger - INFO - ✅ Все необходимые файлы найдены
2025-10-15 14:52:11 - bot_logger - INFO - Запуск бота...
2025-10-15 14:52:11 - bot_logger - INFO - Запуск поллинга...
2025-10-15 14:52:11 - bot_logger - INFO - Бот запушен.
2025-10-15 14:55:26 - bot_logger - INFO - Бот остановлен.
2025-10-15 14:55:32 - bot_logger - INFO - ✅ Все необходимые файлы найдены
2025-10-15 14:55:32 - bot_logger - INFO - Запуск бота...
2025-10-15 14:55:32 - bot_logger - INFO - Запуск поллинга...
2025-10-15 14:55:32 - bot_logger - INFO - Бот запушен.
2025-10-15 15:03:16 - bot_logger - INFO - Бот остановлен.
2025-10-15 15:03:49 - bot_logger - INFO - ✅ Все необходимые файлы найдены
2025-10-15 15:03:49 - bot_logger - INFO - Запуск бота...
2025-10-15 15:03:49 - bot_logger - INFO - Запуск поллинга...
2025-10-15 15:03:49 - bot_logger - INFO - Бот запушен.
2025-10-15 15:10:48 - bot_logger - INFO - Бот остановлен.
2025-10-15 16:09:08 - bot_logger - INFO - ✅ Все необходимые файлы найдены
2025-10-15 16:09:08 - bot_logger - INFO - Запуск бота...
2025-10-15 16:09:08 - bot_logger - INFO - Запуск поллинга...
2025-10-15 16:09:08 - bot_logger - INFO - Бот запушен.
2025-10-15 16:09:47 - bot_logger - INFO - Бот остановлен.
2025-10-15 16:09:52 - bot_logger - INFO - Запуск бота...
2025-10-15 16:09:52 - bot_logger - INFO - Бот запушен.
2025-10-15 16:10:33 - bot_logger - INFO - Бот остановлен.
2025-10-15 16:10:39 - bot_logger - INFO - Запуск бота...
2025-10-15 16:14:03 - bot_logger - INFO - Запуск бота...
2025-10-15 16:14:03 - bot_logger - INFO - Запуск бота...
2025-10-15 16:15:18 - bot_logger - INFO - Запуск бота...
2025-10-15 16:15:24 - bot_logger - INFO - Новый пользователь: 7950838601. Всего пользователей: 1
2025-10-15 16:25:23 - bot_logger - INFO - Пользователь 1712396207 запустил соревновательный режим.
2025-10-15 16:33:17 - bot_logger - INFO - Запуск бота...
2025-10-15 16:35:47 - bot_logger - INFO - Запуск бота...
2025-10-15 16:37:03 - bot_logger - INFO - Запуск бота...
2025-10-15 16:41:27 - bot_logger - INFO - Запуск бота...
2025-10-15 20:45:32 - bot_logger - INFO - Запуск бота...
2025-10-15 20:48:01 - bot_logger - INFO - Запуск бота...
2025-10-15 20:53:50 - bot_logger - INFO - Запуск бота...
2025-10-15 21:06:38 - bot_logger - INFO - Запуск бота...
2025-10-15 21:07:43 - bot_logger - INFO - Запуск бота...
2025-10-15 21:45:53 - bot_logger - INFO - Запуск бота...
